
12월 10, 2021 16:28:54.466 NEW SESSION
12월 10, 2021 16:28:54.466 [59344:41120:1210/162854.464:ERROR:chrome_browser_main_extra_parts_metrics.cc(226)] crbug.com/1216328: Checking Bluetooth availability started. Please report if there is no report that this ends.
12월 10, 2021 16:28:54.467 [59344:41120:1210/162854.464:ERROR:chrome_browser_main_extra_parts_metrics.cc(229)] crbug.com/1216328: Checking Bluetooth availability ended.
12월 10, 2021 16:28:54.468 [59344:41120:1210/162854.464:ERROR:chrome_browser_main_extra_parts_metrics.cc(232)] crbug.com/1216328: Checking default browser status started. Please report if there is no report that this ends.
12월 10, 2021 16:28:54.469 [59344:27360:1210/162854.468:ERROR:device_event_log_impl.cc(214)] [16:28:54.468] USB: usb_device_handle_win.cc:1048 Failed to read descriptor from node connection: 시스템에 부착된 장치가 작동하지 않습니다. (0x1F)
12월 10, 2021 16:28:54.470 [59344:41120:1210/162854.470:ERROR:chrome_browser_main_extra_parts_metrics.cc(236)] crbug.com/1216328: Checking default browser status ended.
12월 10, 2021 16:28:54.475 [59344:27360:1210/162854.474:ERROR:device_event_log_impl.cc(214)] [16:28:54.474] USB: usb_device_handle_win.cc:1048 Failed to read descriptor from node connection: 시스템에 부착된 장치가 작동하지 않습니다. (0x1F)

12월 14, 2021 09:11:26.163 NEW SESSION
12월 14, 2021 09:11:26.163 [56400:68188:1214/091126.161:ERROR:chrome_browser_main_extra_parts_metrics.cc(226)] crbug.com/1216328: Checking Bluetooth availability started. Please report if there is no report that this ends.
12월 14, 2021 09:11:26.164 [56400:68188:1214/091126.161:ERROR:chrome_browser_main_extra_parts_metrics.cc(229)] crbug.com/1216328: Checking Bluetooth availability ended.
12월 14, 2021 09:11:26.165 [56400:68188:1214/091126.161:ERROR:chrome_browser_main_extra_parts_metrics.cc(232)] crbug.com/1216328: Checking default browser status started. Please report if there is no report that this ends.
12월 14, 2021 09:11:26.165 [56400:68188:1214/091126.163:ERROR:chrome_browser_main_extra_parts_metrics.cc(236)] crbug.com/1216328: Checking default browser status ended.
12월 14, 2021 09:11:26.166 [56400:35192:1214/091126.165:ERROR:device_event_log_impl.cc(214)] [09:11:26.166] USB: usb_device_handle_win.cc:1048 Failed to read descriptor from node connection: 시스템에 부착된 장치가 작동하지 않습니다. (0x1F)
12월 14, 2021 09:11:26.172 [56400:35192:1214/091126.172:ERROR:device_event_log_impl.cc(214)] [09:11:26.172] USB: usb_device_handle_win.cc:1048 Failed to read descriptor from node connection: 시스템에 부착된 장치가 작동하지 않습니다. (0x1F)
12월 14, 2021 12:09:35.633 [56400:35192:1214/120935.633:ERROR:interface_endpoint_client.cc(658)] Message 0 rejected by interface blink.mojom.WidgetHost
12월 14, 2021 14:15:13.429 [56400:49008:1214/141513.428:ERROR:database.cc(1773)] Passwords SQLite error: code 2067 errno 0: UNIQUE constraint failed: logins.origin_url, logins.username_element, logins.username_value, logins.password_element, logins.signon_realm sql: INSERT INTO logins (origin_url, action_url, username_element, username_value, password_element, password_value, submit_element, signon_realm, date_created, blacklisted_by_user, scheme, password_type, times_used, form_data, display_name, icon_url, federation_url, skip_zero_click, generation_upload_status, possible_username_pairs, id, date_last_used, moving_blocked_for, date_password_modified) VALUES (?,?,?,?,?,?,?,?,?,?,?,?,?,?,?,?,?,?,?,?,?,?,?,?)
12월 14, 2021 15:45:57.671 [56400:35192:1214/154557.671:ERROR:interface_endpoint_client.cc(658)] Message 0 rejected by interface blink.mojom.WidgetHost
12월 14, 2021 15:45:57.672 [56400:35192:1214/154557.671:ERROR:interface_endpoint_client.cc(658)] Message 1 rejected by interface blink.mojom.WidgetHost
12월 14, 2021 15:45:57.672 [56400:35192:1214/154557.671:ERROR:interface_endpoint_client.cc(658)] Message 1 rejected by interface blink.mojom.WidgetHost
12월 14, 2021 16:24:29.675 [56400:19608:1214/162429.674:ERROR:database.cc(1773)] Passwords SQLite error: code 2067 errno 0: UNIQUE constraint failed: logins.origin_url, logins.username_element, logins.username_value, logins.password_element, logins.signon_realm sql: INSERT INTO logins (origin_url, action_url, username_element, username_value, password_element, password_value, submit_element, signon_realm, date_created, blacklisted_by_user, scheme, password_type, times_used, form_data, display_name, icon_url, federation_url, skip_zero_click, generation_upload_status, possible_username_pairs, id, date_last_used, moving_blocked_for, date_password_modified) VALUES (?,?,?,?,?,?,?,?,?,?,?,?,?,?,?,?,?,?,?,?,?,?,?,?)
12월 14, 2021 16:25:12.278 [56400:4956:1214/162512.277:ERROR:database.cc(1773)] Passwords SQLite error: code 2067 errno 0: UNIQUE constraint failed: logins.origin_url, logins.username_element, logins.username_value, logins.password_element, logins.signon_realm sql: INSERT INTO logins (origin_url, action_url, username_element, username_value, password_element, password_value, submit_element, signon_realm, date_created, blacklisted_by_user, scheme, password_type, times_used, form_data, display_name, icon_url, federation_url, skip_zero_click, generation_upload_status, possible_username_pairs, id, date_last_used, moving_blocked_for, date_password_modified) VALUES (?,?,?,?,?,?,?,?,?,?,?,?,?,?,?,?,?,?,?,?,?,?,?,?)
12월 14, 2021 16:25:21.945 [56400:4956:1214/162521.944:ERROR:database.cc(1773)] Passwords SQLite error: code 2067 errno 0: UNIQUE constraint failed: logins.origin_url, logins.username_element, logins.username_value, logins.password_element, logins.signon_realm sql: INSERT INTO logins (origin_url, action_url, username_element, username_value, password_element, password_value, submit_element, signon_realm, date_created, blacklisted_by_user, scheme, password_type, times_used, form_data, display_name, icon_url, federation_url, skip_zero_click, generation_upload_status, possible_username_pairs, id, date_last_used, moving_blocked_for, date_password_modified) VALUES (?,?,?,?,?,?,?,?,?,?,?,?,?,?,?,?,?,?,?,?,?,?,?,?)
12월 14, 2021 16:36:27.286 [56400:21484:1214/163627.286:ERROR:database.cc(1773)] Passwords SQLite error: code 2067 errno 0: UNIQUE constraint failed: logins.origin_url, logins.username_element, logins.username_value, logins.password_element, logins.signon_realm sql: INSERT INTO logins (origin_url, action_url, username_element, username_value, password_element, password_value, submit_element, signon_realm, date_created, blacklisted_by_user, scheme, password_type, times_used, form_data, display_name, icon_url, federation_url, skip_zero_click, generation_upload_status, possible_username_pairs, id, date_last_used, moving_blocked_for, date_password_modified) VALUES (?,?,?,?,?,?,?,?,?,?,?,?,?,?,?,?,?,?,?,?,?,?,?,?)
